<?xml version="1.0" encoding="UTF-8"?>
<testsuite name="agh.ics.oop.GrassFieldTest" tests="4" skipped="0" failures="0" errors="0" timestamp="2022-11-15T23:41:50" hostname="MSI" time="0.019">
  <properties/>
  <testcase name="canMoveTo()" classname="agh.ics.oop.GrassFieldTest" time="0.015"/>
  <testcase name="isOccupied()" classname="agh.ics.oop.GrassFieldTest" time="0.001"/>
  <testcase name="objectAt()" classname="agh.ics.oop.GrassFieldTest" time="0.002"/>
  <testcase name="place()" classname="agh.ics.oop.GrassFieldTest" time="0.0"/>
  <system-out><![CDATA[]]></system-out>
  <system-err><![CDATA[]]></system-err>
</testsuite>
