<?xml version="1.0" encoding="UTF-8"?>
<testsuite name="agh.ics.oop.MapDirectionTest" tests="3" skipped="0" failures="0" errors="0" timestamp="2022-10-26T14:50:56" hostname="MSI" time="0.017">
  <properties/>
  <testcase name="previous()" classname="agh.ics.oop.MapDirectionTest" time="0.014"/>
  <testcase name="next()" classname="agh.ics.oop.MapDirectionTest" time="0.001"/>
  <testcase name="toUnitVector()" classname="agh.ics.oop.MapDirectionTest" time="0.002"/>
  <system-out><![CDATA[]]></system-out>
  <system-err><![CDATA[]]></system-err>
</testsuite>
