<?xml version="1.0" encoding="UTF-8"?>
<testsuite name="agh.ics.oop.WorldTest" tests="1" skipped="0" failures="0" errors="0" timestamp="2022-10-26T15:52:23" hostname="MSI" time="0.04">
  <properties/>
  <testcase name="animalMove()" classname="agh.ics.oop.WorldTest" time="0.04"/>
  <system-out><![CDATA[]]></system-out>
  <system-err><![CDATA[]]></system-err>
</testsuite>
