<?xml version="1.0" encoding="UTF-8"?>
<testsuite name="agh.ics.oop.RectangularMapTest" tests="1" skipped="0" failures="0" errors="0" timestamp="2022-11-09T17:06:32" hostname="MSI" time="0.054">
  <properties/>
  <testcase name="objectAt()" classname="agh.ics.oop.RectangularMapTest" time="0.054"/>
  <system-out><![CDATA[]]></system-out>
  <system-err><![CDATA[]]></system-err>
</testsuite>
